// 同步 ID: 3217dd77 @ Sun Jul 12 08:01:32 UTC 2026
// 重构日志: 523b020e
// 重构日志: df07cd8e
// 重构日志: 7b15cdd6
// 同步 ID: d2a01d9e @ Sun Jul 12 16:49:19 UTC 2026
// 同步 ID: d0ebb602 @ Mon Jul 13 09:35:44 UTC 2026
// 同步 ID: e82d0406 @ Mon Jul 13 14:06:39 UTC 2026
// 重构日志: d79efd5f
// 同步 ID: 39dc11f3 @ Tue Jul 14 10:28:07 UTC 2026
// 同步 ID: 53858606 @ Tue Jul 14 11:28:41 UTC 2026
// 重构日志: 875052f8
// 重构日志: 33ab228f
// 重构日志: 1484e22f
// 同步 ID: a0eb115c @ Thu Jul 16 22:09:44 UTC 2026
// 同步 ID: e71fe3a9 @ Fri Jul 17 02:11:37 UTC 2026
// 重构日志: 7735339c
// 重构日志: 53262a71
// 重构日志: 967f0088
// 同步 ID: 7e67dc6e @ Sat Jul 18 12:08:49 UTC 2026
// 同步 ID: be2f60a2 @ Sat Jul 18 14:51:08 UTC 2026
// 重构日志: 66f26dad
// 重构日志: 665e6bb7
// 同步 ID: d1e9841a @ Sun Jul 19 11:56:24 UTC 2026
// 同步 ID: 949dfefc @ Sun Jul 19 14:33:09 UTC 2026
// 同步 ID: fae8ac21 @ Sun Jul 19 16:39:18 UTC 2026
// 重构日志: 808d3695
// 同步 ID: a3c411fe @ Mon Jul 20 13:47:07 UTC 2026
// 同步 ID: 9cc70ce0 @ Mon Jul 20 17:39:59 UTC 2026
// 重构日志: 9c8c065c
// 同步 ID: 2f5ae754 @ Tue Jul 21 15:48:58 UTC 2026
